<?xml version="1.0" encoding="UTF-8"?>
<testng-results ignored="0" total="2" passed="2" failed="0" skipped="0">
  <reporter-output>
  </reporter-output>
  <suite started-at="2020-06-14T19:03:31Z" name="API Suite" finished-at="2020-06-14T19:03:34Z" duration-ms="2527">
    <groups>
    </groups>
    <test started-at="2020-06-14T19:03:31Z" name="API_Validate_ResponseType_JSON" finished-at="2020-06-14T19:03:34Z" duration-ms="2527">
      <class name="APITesting.com.org.api.tests.API_Validate_ResponseType_JSON">
        <test-method signature="validateResponseContentType_ByCode(java.lang.String)[pri:0, instance:APITesting.com.org.api.tests.API_Validate_ResponseType_JSON@5db6b9cd]" started-at="2020-06-14T19:03:31Z" name="validateResponseContentType_ByCode" finished-at="2020-06-14T19:03:33Z" duration-ms="2208" status="PASS">
          <params>
            <param index="0">
              <value>
                <![CDATA[XYS]]>
              </value>
            </param>
          </params>
          <reporter-output>
          </reporter-output>
        </test-method> <!-- validateResponseContentType_ByCode -->
        <test-method signature="validateResponseContentType_ByName(java.lang.String)[pri:0, instance:APITesting.com.org.api.tests.API_Validate_ResponseType_JSON@5db6b9cd]" started-at="2020-06-14T19:03:33Z" name="validateResponseContentType_ByName" finished-at="2020-06-14T19:03:34Z" duration-ms="246" status="PASS">
          <params>
            <param index="0">
              <value>
                <![CDATA[XYS]]>
              </value>
            </param>
          </params>
          <reporter-output>
          </reporter-output>
        </test-method> <!-- validateResponseContentType_ByName -->
      </class> <!-- APITesting.com.org.api.tests.API_Validate_ResponseType_JSON -->
    </test> <!-- API_Validate_ResponseType_JSON -->
  </suite> <!-- API Suite -->
</testng-results>
