<?xml version="1.0" encoding="UTF-8"?>
<!-- Generated by org.testng.reporters.JUnitXMLReporter -->
<testsuite ignored="0" hostname="DESKTOP-T669B71" failures="0" tests="2" name="API_Validate_ResponseType_JSON" time="2.527" errors="0" timestamp="14 Jun 2020 19:03:34 GMT">
  <testcase classname="APITesting.com.org.api.tests.API_Validate_ResponseType_JSON" name="validateResponseContentType_ByCode" time="2.208"/>
  <testcase classname="APITesting.com.org.api.tests.API_Validate_ResponseType_JSON" name="validateResponseContentType_ByName" time="0.246"/>
</testsuite> <!-- API_Validate_ResponseType_JSON -->
